C:\Program Files (x86)\Microsoft Visual Studio\2019\Community\MSBuild\Microsoft\VC\v160\Microsoft.CppBuild.targets(491,5): warning MSB8028: The intermediate directory (Release\) contains files shared from another project (Dummy.vcxproj).  This can lead to incorrect clean and rebuild behavior.
  dllmain.cpp
C:\Users\Anon\Documents\GitHub\dxd9 internal\dllmain.cpp(59,49): warning C4244: 'argument': conversion from 'int' to 'float', possible loss of data
C:\Users\Anon\Documents\GitHub\dxd9 internal\dllmain.cpp(59,29): warning C4244: 'argument': conversion from 'int' to 'float', possible loss of data
C:\Users\Anon\Documents\GitHub\dxd9 internal\dllmain.cpp(253,46): warning C4244: 'argument': conversion from 'int' to 'float', possible loss of data
C:\Users\Anon\Documents\GitHub\dxd9 internal\dllmain.cpp(253,35): warning C4244: 'argument': conversion from 'int' to 'float', possible loss of data
C:\Users\Anon\Documents\GitHub\dxd9 internal\dllmain.cpp(269,48): warning C4244: 'argument': conversion from 'int' to 'float', possible loss of data
C:\Users\Anon\Documents\GitHub\dxd9 internal\dllmain.cpp(269,28): warning C4244: 'argument': conversion from 'int' to 'float', possible loss of data
C:\Users\Anon\Documents\GitHub\dxd9 internal\dllmain.cpp(270,50): warning C4244: 'argument': conversion from 'int' to 'float', possible loss of data
C:\Users\Anon\Documents\GitHub\dxd9 internal\dllmain.cpp(270,30): warning C4244: 'argument': conversion from 'int' to 'float', possible loss of data
C:\Users\Anon\Documents\GitHub\dxd9 internal\dllmain.cpp(271,56): warning C4244: 'argument': conversion from 'int' to 'float', possible loss of data
C:\Users\Anon\Documents\GitHub\dxd9 internal\dllmain.cpp(271,36): warning C4244: 'argument': conversion from 'int' to 'float', possible loss of data
C:\Users\Anon\Documents\GitHub\dxd9 internal\dllmain.cpp(273,48): warning C4244: 'argument': conversion from 'int' to 'float', possible loss of data
C:\Users\Anon\Documents\GitHub\dxd9 internal\dllmain.cpp(273,28): warning C4244: 'argument': conversion from 'int' to 'float', possible loss of data
C:\Users\Anon\Documents\GitHub\dxd9 internal\dllmain.cpp(274,45): warning C4244: 'argument': conversion from 'int' to 'float', possible loss of data
C:\Users\Anon\Documents\GitHub\dxd9 internal\dllmain.cpp(274,25): warning C4244: 'argument': conversion from 'int' to 'float', possible loss of data
C:\Users\Anon\Documents\GitHub\dxd9 internal\dllmain.cpp(275,52): warning C4244: 'argument': conversion from 'int' to 'float', possible loss of data
C:\Users\Anon\Documents\GitHub\dxd9 internal\dllmain.cpp(275,32): warning C4244: 'argument': conversion from 'int' to 'float', possible loss of data
C:\Users\Anon\Documents\GitHub\dxd9 internal\dllmain.cpp(276,52): warning C4244: 'argument': conversion from 'int' to 'float', possible loss of data
C:\Users\Anon\Documents\GitHub\dxd9 internal\dllmain.cpp(276,32): warning C4244: 'argument': conversion from 'int' to 'float', possible loss of data
C:\Users\Anon\Documents\GitHub\dxd9 internal\dllmain.cpp(277,51): warning C4244: 'argument': conversion from 'int' to 'float', possible loss of data
C:\Users\Anon\Documents\GitHub\dxd9 internal\dllmain.cpp(277,31): warning C4244: 'argument': conversion from 'int' to 'float', possible loss of data
C:\Users\Anon\Documents\GitHub\dxd9 internal\dllmain.cpp(278,46): warning C4244: 'argument': conversion from 'int' to 'float', possible loss of data
C:\Users\Anon\Documents\GitHub\dxd9 internal\dllmain.cpp(278,26): warning C4244: 'argument': conversion from 'int' to 'float', possible loss of data
C:\Users\Anon\Documents\GitHub\dxd9 internal\dllmain.cpp(279,50): warning C4244: 'argument': conversion from 'int' to 'float', possible loss of data
C:\Users\Anon\Documents\GitHub\dxd9 internal\dllmain.cpp(279,30): warning C4244: 'argument': conversion from 'int' to 'float', possible loss of data
C:\Users\Anon\Documents\GitHub\dxd9 internal\dllmain.cpp(280,58): warning C4244: 'argument': conversion from 'int' to 'float', possible loss of data
C:\Users\Anon\Documents\GitHub\dxd9 internal\dllmain.cpp(280,38): warning C4244: 'argument': conversion from 'int' to 'float', possible loss of data
C:\Users\Anon\Documents\GitHub\dxd9 internal\dllmain.cpp(281,50): warning C4244: 'argument': conversion from 'int' to 'float', possible loss of data
C:\Users\Anon\Documents\GitHub\dxd9 internal\dllmain.cpp(281,30): warning C4244: 'argument': conversion from 'int' to 'float', possible loss of data
C:\Users\Anon\Documents\GitHub\dxd9 internal\dllmain.cpp(282,54): warning C4244: 'argument': conversion from 'int' to 'float', possible loss of data
C:\Users\Anon\Documents\GitHub\dxd9 internal\dllmain.cpp(282,34): warning C4244: 'argument': conversion from 'int' to 'float', possible loss of data
C:\Users\Anon\Documents\GitHub\dxd9 internal\dllmain.cpp(283,50): warning C4244: 'argument': conversion from 'int' to 'float', possible loss of data
C:\Users\Anon\Documents\GitHub\dxd9 internal\dllmain.cpp(283,30): warning C4244: 'argument': conversion from 'int' to 'float', possible loss of data
C:\Users\Anon\Documents\GitHub\dxd9 internal\dllmain.cpp(284,43): warning C4244: 'argument': conversion from 'int' to 'float', possible loss of data
C:\Users\Anon\Documents\GitHub\dxd9 internal\dllmain.cpp(284,23): warning C4244: 'argument': conversion from 'int' to 'float', possible loss of data
C:\Users\Anon\Documents\GitHub\dxd9 internal\dllmain.cpp(285,44): warning C4244: 'argument': conversion from 'int' to 'float', possible loss of data
C:\Users\Anon\Documents\GitHub\dxd9 internal\dllmain.cpp(285,24): warning C4244: 'argument': conversion from 'int' to 'float', possible loss of data
C:\Users\Anon\Documents\GitHub\dxd9 internal\dllmain.cpp(286,50): warning C4244: 'argument': conversion from 'int' to 'float', possible loss of data
C:\Users\Anon\Documents\GitHub\dxd9 internal\dllmain.cpp(286,30): warning C4244: 'argument': conversion from 'int' to 'float', possible loss of data
C:\Users\Anon\Documents\GitHub\dxd9 internal\dllmain.cpp(287,44): warning C4244: 'argument': conversion from 'int' to 'float', possible loss of data
C:\Users\Anon\Documents\GitHub\dxd9 internal\dllmain.cpp(287,24): warning C4244: 'argument': conversion from 'int' to 'float', possible loss of data
C:\Users\Anon\Documents\GitHub\dxd9 internal\dllmain.cpp(291,68): warning C4244: 'argument': conversion from 'int' to 'float', possible loss of data
C:\Users\Anon\Documents\GitHub\dxd9 internal\dllmain.cpp(291,50): warning C4244: 'argument': conversion from 'int' to 'float', possible loss of data
C:\Users\Anon\Documents\GitHub\dxd9 internal\dllmain.cpp(343,18): warning C4244: 'initializing': conversion from 'float' to 'int', possible loss of data
C:\Users\Anon\Documents\GitHub\dxd9 internal\dllmain.cpp(344,14): warning C4244: 'initializing': conversion from 'float' to 'int', possible loss of data
C:\Users\Anon\Documents\GitHub\dxd9 internal\dllmain.cpp(350,24): warning C4244: 'initializing': conversion from 'float' to 'int', possible loss of data
C:\Users\Anon\Documents\GitHub\dxd9 internal\dllmain.cpp(351,23): warning C4244: 'initializing': conversion from 'float' to 'int', possible loss of data
C:\Users\Anon\Documents\GitHub\dxd9 internal\dllmain.cpp(364,79): warning C4244: 'argument': conversion from 'float' to 'int', possible loss of data
C:\Users\Anon\Documents\GitHub\dxd9 internal\dllmain.cpp(364,62): warning C4244: 'argument': conversion from 'float' to 'int', possible loss of data
C:\Users\Anon\Documents\GitHub\dxd9 internal\dllmain.cpp(364,46): warning C4244: 'argument': conversion from 'float' to 'int', possible loss of data
C:\Users\Anon\Documents\GitHub\dxd9 internal\dllmain.cpp(364,29): warning C4244: 'argument': conversion from 'float' to 'int', possible loss of data
C:\Users\Anon\Documents\GitHub\dxd9 internal\dllmain.cpp(365,65): warning C4244: 'argument': conversion from 'float' to 'int', possible loss of data
C:\Users\Anon\Documents\GitHub\dxd9 internal\dllmain.cpp(365,52): warning C4244: 'argument': conversion from 'float' to 'int', possible loss of data
C:\Users\Anon\Documents\GitHub\dxd9 internal\dllmain.cpp(365,39): warning C4244: 'argument': conversion from 'float' to 'int', possible loss of data
C:\Users\Anon\Documents\GitHub\dxd9 internal\dllmain.cpp(365,26): warning C4244: 'argument': conversion from 'float' to 'int', possible loss of data
C:\Users\Anon\Documents\GitHub\dxd9 internal\dllmain.cpp(366,79): warning C4244: 'argument': conversion from 'float' to 'int', possible loss of data
C:\Users\Anon\Documents\GitHub\dxd9 internal\dllmain.cpp(366,62): warning C4244: 'argument': conversion from 'float' to 'int', possible loss of data
C:\Users\Anon\Documents\GitHub\dxd9 internal\dllmain.cpp(366,46): warning C4244: 'argument': conversion from 'float' to 'int', possible loss of data
C:\Users\Anon\Documents\GitHub\dxd9 internal\dllmain.cpp(366,29): warning C4244: 'argument': conversion from 'float' to 'int', possible loss of data
C:\Users\Anon\Documents\GitHub\dxd9 internal\dllmain.cpp(369,75): warning C4244: 'argument': conversion from 'float' to 'int', possible loss of data
C:\Users\Anon\Documents\GitHub\dxd9 internal\dllmain.cpp(369,59): warning C4244: 'argument': conversion from 'float' to 'int', possible loss of data
C:\Users\Anon\Documents\GitHub\dxd9 internal\dllmain.cpp(369,44): warning C4244: 'argument': conversion from 'float' to 'int', possible loss of data
C:\Users\Anon\Documents\GitHub\dxd9 internal\dllmain.cpp(369,28): warning C4244: 'argument': conversion from 'float' to 'int', possible loss of data
C:\Users\Anon\Documents\GitHub\dxd9 internal\dllmain.cpp(370,61): warning C4244: 'argument': conversion from 'float' to 'int', possible loss of data
C:\Users\Anon\Documents\GitHub\dxd9 internal\dllmain.cpp(370,49): warning C4244: 'argument': conversion from 'float' to 'int', possible loss of data
C:\Users\Anon\Documents\GitHub\dxd9 internal\dllmain.cpp(370,37): warning C4244: 'argument': conversion from 'float' to 'int', possible loss of data
C:\Users\Anon\Documents\GitHub\dxd9 internal\dllmain.cpp(370,25): warning C4244: 'argument': conversion from 'float' to 'int', possible loss of data
C:\Users\Anon\Documents\GitHub\dxd9 internal\dllmain.cpp(371,75): warning C4244: 'argument': conversion from 'float' to 'int', possible loss of data
C:\Users\Anon\Documents\GitHub\dxd9 internal\dllmain.cpp(371,59): warning C4244: 'argument': conversion from 'float' to 'int', possible loss of data
C:\Users\Anon\Documents\GitHub\dxd9 internal\dllmain.cpp(371,44): warning C4244: 'argument': conversion from 'float' to 'int', possible loss of data
C:\Users\Anon\Documents\GitHub\dxd9 internal\dllmain.cpp(371,28): warning C4244: 'argument': conversion from 'float' to 'int', possible loss of data
C:\Users\Anon\Documents\GitHub\dxd9 internal\dllmain.cpp(656,14): warning C4244: 'initializing': conversion from 'float' to 'int', possible loss of data
C:\Users\Anon\Documents\GitHub\dxd9 internal\dllmain.cpp(657,14): warning C4244: 'initializing': conversion from 'float' to 'int', possible loss of data
C:\Users\Anon\Documents\GitHub\dxd9 internal\dllmain.cpp(660,62): warning C4244: '=': conversion from 'int' to 'float', possible loss of data
C:\Users\Anon\Documents\GitHub\dxd9 internal\dllmain.cpp(661,62): warning C4244: '=': conversion from 'int' to 'float', possible loss of data
  Generating code
  1 of 201 functions ( 0.5%) were compiled, the rest were copied from previous compilation.
    0 functions were new in current compilation
    1 functions had inline decision re-evaluated but remain unchanged
  Finished generating code
  Dummy.vcxproj -> C:\Users\Anon\Documents\GitHub\dxd9 internal\Release\dxd9 internal.dll
