c:\users\fabian\documents\github\dxd9-internal\release\vc143.pdb
c:\users\fabian\documents\github\dxd9-internal\release\player.obj
c:\users\fabian\documents\github\dxd9-internal\release\localplayer.obj
c:\users\fabian\documents\github\dxd9-internal\release\hook.obj
c:\users\fabian\documents\github\dxd9-internal\release\hack.obj
c:\users\fabian\documents\github\dxd9-internal\release\dx.obj
c:\users\fabian\documents\github\dxd9-internal\release\drawing.obj
c:\users\fabian\documents\github\dxd9-internal\release\dllmain.obj
c:\users\anon\documents\github\dxd9 internal\release\dxd9 internal.ipdb
c:\users\anon\documents\github\dxd9 internal\release\dxd9 internal.iobj
c:\users\anon\documents\github\dxd9-internal\release\dxd9 internal.ipdb
c:\users\anon\documents\github\dxd9-internal\release\dxd9 internal.iobj
c:\users\fabian\documents\github\dxd9-internal\release\dxd9 internal.ipdb
c:\users\fabian\documents\github\dxd9-internal\release\dxd9 internal.iobj
c:\users\fabian\documents\github\dxd9-internal\release\dxd9 internal.pdb
c:\users\fabian\documents\github\dxd9-internal\release\vc142.pdb
c:\users\fabian\documents\github\dxd9-internal\release\dxd9 internal.dll
c:\users\fabian\documents\github\dxd9-internal\release\dxd9 internal.tlog\cl.command.1.tlog
c:\users\fabian\documents\github\dxd9-internal\release\dxd9 internal.tlog\cl.read.1.tlog
c:\users\fabian\documents\github\dxd9-internal\release\dxd9 internal.tlog\cl.write.1.tlog
c:\users\fabian\documents\github\dxd9-internal\release\dxd9 internal.tlog\dxd9 internal.write.1u.tlog
c:\users\fabian\documents\github\dxd9-internal\release\dxd9 internal.tlog\link.command.1.tlog
c:\users\fabian\documents\github\dxd9-internal\release\dxd9 internal.tlog\link.read.1.tlog
c:\users\fabian\documents\github\dxd9-internal\release\dxd9 internal.tlog\link.write.1.tlog
